/opt/pyenv/versions/3.10.7/lib/python3.10/site-packages/dicthash/dicthash.py:47: UserWarning:Float too small for safe conversion tointeger. Rounding down to zero.
/opt/pyenv/versions/3.10.7/lib/python3.10/site-packages/dicthash/dicthash.py:47: UserWarning:Float too small for safe conversion tointeger. Rounding down to zero.
/opt/pyenv/versions/3.10.7/lib/python3.10/site-packages/dicthash/dicthash.py:47: UserWarning:Float too small for safe conversion tointeger. Rounding down to zero.
/opt/pyenv/versions/3.10.7/lib/python3.10/site-packages/dicthash/dicthash.py:47: UserWarning:Float too small for safe conversion tointeger. Rounding down to zero.
/opt/pyenv/versions/3.10.7/lib/python3.10/site-packages/dicthash/dicthash.py:47: UserWarning:Float too small for safe conversion tointeger. Rounding down to zero.
/opt/pyenv/versions/3.10.7/lib/python3.10/site-packages/dicthash/dicthash.py:47: UserWarning:Float too small for safe conversion tointeger. Rounding down to zero.
/opt/pyenv/versions/3.10.7/lib/python3.10/site-packages/dicthash/dicthash.py:47: UserWarning:Float too small for safe conversion tointeger. Rounding down to zero.
/opt/pyenv/versions/3.10.7/lib/python3.10/site-packages/dicthash/dicthash.py:47: UserWarning:Float too small for safe conversion tointeger. Rounding down to zero.
/opt/pyenv/versions/3.10.7/lib/python3.10/site-packages/dicthash/dicthash.py:47: UserWarning:Float too small for safe conversion tointeger. Rounding down to zero.
/opt/pyenv/versions/3.10.7/lib/python3.10/site-packages/dicthash/dicthash.py:47: UserWarning:Float too small for safe conversion tointeger. Rounding down to zero.
/opt/pyenv/versions/3.10.7/lib/python3.10/site-packages/dicthash/dicthash.py:47: UserWarning:Float too small for safe conversion tointeger. Rounding down to zero.
/opt/pyenv/versions/3.10.7/lib/python3.10/site-packages/dicthash/dicthash.py:47: UserWarning:Float too small for safe conversion tointeger. Rounding down to zero.
/opt/pyenv/versions/3.10.7/lib/python3.10/site-packages/dicthash/dicthash.py:47: UserWarning:Float too small for safe conversion tointeger. Rounding down to zero.
/opt/pyenv/versions/3.10.7/lib/python3.10/site-packages/dicthash/dicthash.py:47: UserWarning:Float too small for safe conversion tointeger. Rounding down to zero.
/opt/pyenv/versions/3.10.7/lib/python3.10/site-packages/dicthash/dicthash.py:47: UserWarning:Float too small for safe conversion tointeger. Rounding down to zero.
Traceback (most recent call last):
  File "/home/y-terans/workspace/nest-gpu/ngpu_multi_area_model_simulation/multi-area-model-ngpu/run_simulation.py", line 45, in <module>
    json.dump(f)
TypeError: dump() missing 1 required positional argument: 'fp'
/opt/pyenv/versions/3.10.7/lib/python3.10/site-packages/dicthash/dicthash.py:47: UserWarning:Float too small for safe conversion tointeger. Rounding down to zero.
/opt/pyenv/versions/3.10.7/lib/python3.10/site-packages/dicthash/dicthash.py:47: UserWarning:Float too small for safe conversion tointeger. Rounding down to zero.
/opt/pyenv/versions/3.10.7/lib/python3.10/site-packages/dicthash/dicthash.py:47: UserWarning:Float too small for safe conversion tointeger. Rounding down to zero.
/opt/pyenv/versions/3.10.7/lib/python3.10/site-packages/dicthash/dicthash.py:47: UserWarning:Float too small for safe conversion tointeger. Rounding down to zero.
/opt/pyenv/versions/3.10.7/lib/python3.10/site-packages/dicthash/dicthash.py:47: UserWarning:Float too small for safe conversion tointeger. Rounding down to zero.
/opt/pyenv/versions/3.10.7/lib/python3.10/site-packages/dicthash/dicthash.py:47: UserWarning:Float too small for safe conversion tointeger. Rounding down to zero.
/opt/pyenv/versions/3.10.7/lib/python3.10/site-packages/dicthash/dicthash.py:47: UserWarning:Float too small for safe conversion tointeger. Rounding down to zero.
/opt/pyenv/versions/3.10.7/lib/python3.10/site-packages/dicthash/dicthash.py:47: UserWarning:Float too small for safe conversion tointeger. Rounding down to zero.
/opt/pyenv/versions/3.10.7/lib/python3.10/site-packages/dicthash/dicthash.py:47: UserWarning:Float too small for safe conversion tointeger. Rounding down to zero.
/opt/pyenv/versions/3.10.7/lib/python3.10/site-packages/dicthash/dicthash.py:47: UserWarning:Float too small for safe conversion tointeger. Rounding down to zero.
/opt/pyenv/versions/3.10.7/lib/python3.10/site-packages/dicthash/dicthash.py:47: UserWarning:Float too small for safe conversion tointeger. Rounding down to zero.
/opt/pyenv/versions/3.10.7/lib/python3.10/site-packages/dicthash/dicthash.py:47: UserWarning:Float too small for safe conversion tointeger. Rounding down to zero.
/opt/pyenv/versions/3.10.7/lib/python3.10/site-packages/dicthash/dicthash.py:47: UserWarning:Float too small for safe conversion tointeger. Rounding down to zero.
/opt/pyenv/versions/3.10.7/lib/python3.10/site-packages/dicthash/dicthash.py:47: UserWarning:Float too small for safe conversion tointeger. Rounding down to zero.
/opt/pyenv/versions/3.10.7/lib/python3.10/site-packages/dicthash/dicthash.py:47: UserWarning:Float too small for safe conversion tointeger. Rounding down to zero.
/opt/pyenv/versions/3.10.7/lib/python3.10/site-packages/dicthash/dicthash.py:47: UserWarning:Float too small for safe conversion tointeger. Rounding down to zero.
/opt/pyenv/versions/3.10.7/lib/python3.10/site-packages/dicthash/dicthash.py:47: UserWarning:Float too small for safe conversion tointeger. Rounding down to zero.
Traceback (most recent call last):
  File "/home/y-terans/workspace/nest-gpu/ngpu_multi_area_model_simulation/multi-area-model-ngpu/run_simulation.py", line 45, in <module>
Traceback (most recent call last):
  File "/home/y-terans/workspace/nest-gpu/ngpu_multi_area_model_simulation/multi-area-model-ngpu/run_simulation.py", line 45, in <module>
    json.dump(f)
TypeError: dump() missing 1 required positional argument: 'fp'
    json.dump(f)
TypeError: dump() missing 1 required positional argument: 'fp'
Traceback (most recent call last):
  File "/home/y-terans/workspace/nest-gpu/ngpu_multi_area_model_simulation/multi-area-model-ngpu/run_simulation.py", line 45, in <module>
    json.dump(f)
TypeError: dump() missing 1 required positional argument: 'fp'
Traceback (most recent call last):
  File "/home/y-terans/workspace/nest-gpu/ngpu_multi_area_model_simulation/multi-area-model-ngpu/run_simulation.py", line 45, in <module>
    json.dump(f)
TypeError: dump() missing 1 required positional argument: 'fp'
Traceback (most recent call last):
  File "/home/y-terans/workspace/nest-gpu/ngpu_multi_area_model_simulation/multi-area-model-ngpu/run_simulation.py", line 45, in <module>
    json.dump(f)
TypeError: dump() missing 1 required positional argument: 'fp'
Traceback (most recent call last):
  File "/home/y-terans/workspace/nest-gpu/ngpu_multi_area_model_simulation/multi-area-model-ngpu/run_simulation.py", line 45, in <module>
    json.dump(f)
TypeError: dump() missing 1 required positional argument: 'fp'
Traceback (most recent call last):
  File "/home/y-terans/workspace/nest-gpu/ngpu_multi_area_model_simulation/multi-area-model-ngpu/run_simulation.py", line 45, in <module>
    json.dump(f)
TypeError: dump() missing 1 required positional argument: 'fp'
Traceback (most recent call last):
  File "/home/y-terans/workspace/nest-gpu/ngpu_multi_area_model_simulation/multi-area-model-ngpu/run_simulation.py", line 45, in <module>
    json.dump(f)
TypeError: dump() missing 1 required positional argument: 'fp'
Traceback (most recent call last):
  File "/home/y-terans/workspace/nest-gpu/ngpu_multi_area_model_simulation/multi-area-model-ngpu/run_simulation.py", line 45, in <module>
Traceback (most recent call last):
  File "/home/y-terans/workspace/nest-gpu/ngpu_multi_area_model_simulation/multi-area-model-ngpu/run_simulation.py", line 45, in <module>
    json.dump(f)
TypeError: dump() missing 1 required positional argument: 'fp'
    json.dump(f)
TypeError: dump() missing 1 required positional argument: 'fp'
Traceback (most recent call last):
  File "/home/y-terans/workspace/nest-gpu/ngpu_multi_area_model_simulation/multi-area-model-ngpu/run_simulation.py", line 45, in <module>
Traceback (most recent call last):
  File "/home/y-terans/workspace/nest-gpu/ngpu_multi_area_model_simulation/multi-area-model-ngpu/run_simulation.py", line 45, in <module>
    json.dump(f)
TypeError: dump() missing 1 required positional argument: 'fp'
    json.dump(f)
TypeError: dump() missing 1 required positional argument: 'fp'
Traceback (most recent call last):
  File "/home/y-terans/workspace/nest-gpu/ngpu_multi_area_model_simulation/multi-area-model-ngpu/run_simulation.py", line 45, in <module>
    json.dump(f)
TypeError: dump() missing 1 required positional argument: 'fp'
Traceback (most recent call last):
  File "/home/y-terans/workspace/nest-gpu/ngpu_multi_area_model_simulation/multi-area-model-ngpu/run_simulation.py", line 45, in <module>
Traceback (most recent call last):
  File "/home/y-terans/workspace/nest-gpu/ngpu_multi_area_model_simulation/multi-area-model-ngpu/run_simulation.py", line 45, in <module>
    json.dump(f)
TypeError: dump() missing 1 required positional argument: 'fp'
    json.dump(f)
TypeError: dump() missing 1 required positional argument: 'fp'
Traceback (most recent call last):
  File "/home/y-terans/workspace/nest-gpu/ngpu_multi_area_model_simulation/multi-area-model-ngpu/run_simulation.py", line 45, in <module>
    json.dump(f)
TypeError: dump() missing 1 required positional argument: 'fp'
Traceback (most recent call last):
  File "/home/y-terans/workspace/nest-gpu/ngpu_multi_area_model_simulation/multi-area-model-ngpu/run_simulation.py", line 45, in <module>
    json.dump(f)
TypeError: dump() missing 1 required positional argument: 'fp'
Traceback (most recent call last):
  File "/home/y-terans/workspace/nest-gpu/ngpu_multi_area_model_simulation/multi-area-model-ngpu/run_simulation.py", line 45, in <module>
    json.dump(f)
TypeError: dump() missing 1 required positional argument: 'fp'
Traceback (most recent call last):
  File "/home/y-terans/workspace/nest-gpu/ngpu_multi_area_model_simulation/multi-area-model-ngpu/run_simulation.py", line 45, in <module>
    json.dump(f)
TypeError: dump() missing 1 required positional argument: 'fp'
Traceback (most recent call last):
  File "/home/y-terans/workspace/nest-gpu/ngpu_multi_area_model_simulation/multi-area-model-ngpu/run_simulation.py", line 45, in <module>
Traceback (most recent call last):
  File "/home/y-terans/workspace/nest-gpu/ngpu_multi_area_model_simulation/multi-area-model-ngpu/run_simulation.py", line 45, in <module>
    json.dump(f)
TypeError: dump() missing 1 required positional argument: 'fp'
    json.dump(f)
TypeError: dump() missing 1 required positional argument: 'fp'
Traceback (most recent call last):
  File "/home/y-terans/workspace/nest-gpu/ngpu_multi_area_model_simulation/multi-area-model-ngpu/run_simulation.py", line 45, in <module>
    json.dump(f)
TypeError: dump() missing 1 required positional argument: 'fp'
Traceback (most recent call last):
  File "/home/y-terans/workspace/nest-gpu/ngpu_multi_area_model_simulation/multi-area-model-ngpu/run_simulation.py", line 45, in <module>
    json.dump(f)
TypeError: dump() missing 1 required positional argument: 'fp'
Traceback (most recent call last):
  File "/home/y-terans/workspace/nest-gpu/ngpu_multi_area_model_simulation/multi-area-model-ngpu/run_simulation.py", line 45, in <module>
    json.dump(f)
TypeError: dump() missing 1 required positional argument: 'fp'
Traceback (most recent call last):
  File "/home/y-terans/workspace/nest-gpu/ngpu_multi_area_model_simulation/multi-area-model-ngpu/run_simulation.py", line 45, in <module>
    json.dump(f)
TypeError: dump() missing 1 required positional argument: 'fp'
Traceback (most recent call last):
  File "/home/y-terans/workspace/nest-gpu/ngpu_multi_area_model_simulation/multi-area-model-ngpu/run_simulation.py", line 45, in <module>
    json.dump(f)
TypeError: dump() missing 1 required positional argument: 'fp'
Traceback (most recent call last):
  File "/home/y-terans/workspace/nest-gpu/ngpu_multi_area_model_simulation/multi-area-model-ngpu/run_simulation.py", line 45, in <module>
    json.dump(f)
TypeError: dump() missing 1 required positional argument: 'fp'
Traceback (most recent call last):
  File "/home/y-terans/workspace/nest-gpu/ngpu_multi_area_model_simulation/multi-area-model-ngpu/run_simulation.py", line 45, in <module>
    json.dump(f)
TypeError: dump() missing 1 required positional argument: 'fp'
Traceback (most recent call last):
  File "/home/y-terans/workspace/nest-gpu/ngpu_multi_area_model_simulation/multi-area-model-ngpu/run_simulation.py", line 45, in <module>
    json.dump(f)
TypeError: dump() missing 1 required positional argument: 'fp'
Traceback (most recent call last):
  File "/home/y-terans/workspace/nest-gpu/ngpu_multi_area_model_simulation/multi-area-model-ngpu/run_simulation.py", line 45, in <module>
Traceback (most recent call last):
  File "/home/y-terans/workspace/nest-gpu/ngpu_multi_area_model_simulation/multi-area-model-ngpu/run_simulation.py", line 45, in <module>
    json.dump(f)
TypeError: dump() missing 1 required positional argument: 'fp'
    json.dump(f)
TypeError: dump() missing 1 required positional argument: 'fp'
--------------------------------------------------------------------------
Primary job  terminated normally, but 1 process returned
a non-zero exit code. Per user-direction, the job has been aborted.
--------------------------------------------------------------------------
--------------------------------------------------------------------------
mpirun detected that one or more processes exited with non-zero status, thus causing
the job to be terminated. The first process to do so was:

  Process name: [[19657,1],22]
  Exit code:    1
--------------------------------------------------------------------------
